******Task start at 2024-03-06 19:03:09******
Current model parameters: 
{'ccp_alpha': 0.0, 'class_weight': None, 'criterion': 'gini', 'max_depth': 10, 'max_features': None, 'max_leaf_nodes': 500, 'min_impurity_decrease': 0.0, 'min_samples_leaf': 1, 'min_samples_split': 2, 'min_weight_fraction_leaf': 0.0, 'random_state': None, 'splitter': 'best'}

******Task end at 2024-03-06 19:03:25******

******Task start at 2024-03-06 19:03:55******
Current model parameters: 
{'ccp_alpha': 0.0, 'class_weight': None, 'criterion': 'gini', 'max_depth': 10, 'max_features': None, 'max_leaf_nodes': 500, 'min_impurity_decrease': 0.0, 'min_samples_leaf': 1, 'min_samples_split': 2, 'min_weight_fraction_leaf': 0.0, 'random_state': None, 'splitter': 'best'}

******Task end at 2024-03-06 19:04:05******

******Task start at 2024-03-06 19:04:58******
Current model parameters: 
{'ccp_alpha': 0.0, 'class_weight': None, 'criterion': 'gini', 'max_depth': 10, 'max_features': None, 'max_leaf_nodes': 500, 'min_impurity_decrease': 0.0, 'min_samples_leaf': 1, 'min_samples_split': 2, 'min_weight_fraction_leaf': 0.0, 'random_state': None, 'splitter': 'best'}

******Task end at 2024-03-06 19:05:04******

******Task start at 2024-03-06 19:06:22******
Current model parameters: 
{'ccp_alpha': 0.0, 'class_weight': None, 'criterion': 'gini', 'max_depth': 10, 'max_features': None, 'max_leaf_nodes': 500, 'min_impurity_decrease': 0.0, 'min_samples_leaf': 1, 'min_samples_split': 2, 'min_weight_fraction_leaf': 0.0, 'random_state': None, 'splitter': 'best'}

******Task end at 2024-03-06 19:06:28******

******Task start at 2024-03-06 19:07:03******
Current model parameters: 
{'ccp_alpha': 0.0, 'class_weight': None, 'criterion': 'gini', 'max_depth': 10, 'max_features': None, 'max_leaf_nodes': 500, 'min_impurity_decrease': 0.0, 'min_samples_leaf': 1, 'min_samples_split': 2, 'min_weight_fraction_leaf': 0.0, 'random_state': None, 'splitter': 'best'}

******Task end at 2024-03-06 19:07:09******

******Task start at 2024-03-06 19:07:27******
Current model parameters: 
{'ccp_alpha': 0.0, 'class_weight': None, 'criterion': 'gini', 'max_depth': 9, 'max_features': None, 'max_leaf_nodes': 500, 'min_impurity_decrease': 0.0, 'min_samples_leaf': 1, 'min_samples_split': 2, 'min_weight_fraction_leaf': 0.0, 'random_state': None, 'splitter': 'best'}

******Task end at 2024-03-06 19:07:36******

******Task start at 2024-03-06 19:15:56******
Current model parameters: 
{'ccp_alpha': 0.0, 'class_weight': None, 'criterion': 'gini', 'max_depth': 9, 'max_features': None, 'max_leaf_nodes': 500, 'min_impurity_decrease': 0.0, 'min_samples_leaf': 1, 'min_samples_split': 2, 'min_weight_fraction_leaf': 0.0, 'random_state': None, 'splitter': 'best'}

Dataset split parameters: {test_size=0.2, shuffle=True, random_state=303}
******Task end at 2024-03-06 19:16:02******

******Task start at 2024-03-06 19:16:09******
Current model parameters: 
{'ccp_alpha': 0.0, 'class_weight': None, 'criterion': 'gini', 'max_depth': 9, 'max_features': None, 'max_leaf_nodes': 500, 'min_impurity_decrease': 0.0, 'min_samples_leaf': 1, 'min_samples_split': 2, 'min_weight_fraction_leaf': 0.0, 'random_state': None, 'splitter': 'best'}

Dataset split parameters: {test_size=0.2, shuffle=True, random_state=226}
******Task end at 2024-03-06 19:16:17******

******Task start at 2024-03-06 19:16:22******
Current model parameters: 
{'ccp_alpha': 0.0, 'class_weight': None, 'criterion': 'gini', 'max_depth': 9, 'max_features': None, 'max_leaf_nodes': 500, 'min_impurity_decrease': 0.0, 'min_samples_leaf': 1, 'min_samples_split': 2, 'min_weight_fraction_leaf': 0.0, 'random_state': None, 'splitter': 'best'}

Dataset split parameters: {test_size=0.2, shuffle=True, random_state=7}
******Task end at 2024-03-06 19:16:28******

******Task start at 2024-03-06 19:16:34******
Current model parameters: 
{'ccp_alpha': 0.0, 'class_weight': None, 'criterion': 'gini', 'max_depth': 9, 'max_features': None, 'max_leaf_nodes': 500, 'min_impurity_decrease': 0.0, 'min_samples_leaf': 1, 'min_samples_split': 2, 'min_weight_fraction_leaf': 0.0, 'random_state': None, 'splitter': 'best'}

Dataset split parameters: {test_size=0.2, shuffle=True, random_state=602}
******Task end at 2024-03-06 19:16:41******

