******Task start at 2024-03-06 16:58:45******
Current model parameters: 
{'C': 1.0, 'class_weight': None, 'dual': False, 'fit_intercept': True, 'intercept_scaling': 1, 'l1_ratio': None, 'max_iter': 1000, 'multi_class': 'auto', 'n_jobs': None, 'penalty': 'l2', 'random_state': None, 'solver': 'liblinear', 'tol': 0.0001, 'verbose': 0, 'warm_start': False}

KFold: 5  Random State: 173

Round 1:
Coefficients:
[ 0.34888973  0.20352134  0.16621378 -0.24683617 -0.11695568  0.20284588
 -0.30323681  0.01816637  0.04145248 -0.49310123 -0.10285186 -0.02265642
  0.5617808  -0.05922375  0.05571203  0.10347796 -0.03089166  0.22651943
 -0.11332856 -0.04133181  0.09623768  0.03328725 -0.17163405  0.11979219
  0.10947066  0.22887437  0.04575025 -0.031468   -0.06760791 -0.01440255
  0.18056426 -0.13787411  0.11713812  0.00869706 -0.06727602 -0.15592136
  0.14284091  0.06492767 -0.0285514  -0.14369383  0.10352077  0.00105119
 -0.15761064 -0.00580149  0.12689561  0.04232803  0.01582191  0.03025404
  0.14701722 -0.03007859  0.12584232 -0.26490791 -0.13106891  0.58716402
  0.27368203  0.43524592 -0.23585488  0.00329575 -0.08082135 -0.02303125
  0.0218829  -0.02053357  0.04578877 -0.07170526  0.22539941 -0.18071622
  0.07124254 -0.00537873 -0.02826366 -0.04658023 -0.00778317  0.02140702]
Intercept: [0.70892796]

Round 2:
Coefficients:
[ 0.3636192   0.14255886  0.17534603 -0.19373828 -0.0979907   0.19566868
 -0.31340902 -0.00513769  0.03134026 -0.46246726 -0.11034756  0.00126504
  0.56538718 -0.06868743  0.03978726  0.1298976  -0.05362904  0.19628072
 -0.07374944 -0.01860836  0.08021035  0.04788945 -0.18941841  0.09289621
  0.16053264  0.2484014   0.10342679 -0.02446986 -0.08985548  0.04700639
  0.21898091 -0.14381543  0.13670833 -0.02528943 -0.10813005 -0.14600668
  0.11534812  0.06582364  0.01240241 -0.08988953  0.05891666 -0.00367618
 -0.15320456 -0.00129927  0.11817621  0.03009353  0.04373365  0.01022745
  0.14130429 -0.0393676   0.13013481 -0.2688043  -0.13494071  0.57749616
  0.28567281  0.42215522 -0.18761028  0.03716119 -0.06646947 -0.05560943
  0.01656269 -0.01105372  0.0781096  -0.03611732  0.23727933 -0.11059038
  0.01497231 -0.01652419 -0.00060632 -0.05625861 -0.00316907  0.01167717]
Intercept: [0.70782803]

Round 3:
Coefficients:
[ 0.3426106   0.14324133  0.16554887 -0.19651303 -0.1118853   0.20867045
 -0.31378103 -0.01432529  0.01773124 -0.44419575 -0.11640219 -0.00941408
  0.56756941 -0.03977674  0.06531787  0.10401106 -0.02422465  0.21681132
 -0.10540081 -0.0401032   0.08129564  0.07593355 -0.17183745  0.11854177
  0.11158687  0.24308432  0.08844965 -0.01446366 -0.07929239  0.01554636
  0.19227487 -0.1889706   0.08392108  0.00682985 -0.03547028 -0.14071781
  0.14043452  0.03633157 -0.03595974 -0.10406937  0.0609533  -0.00075793
 -0.15127894 -0.00300518  0.10714896  0.04865159  0.03618501  0.00958775
  0.14926477 -0.026327    0.1140059  -0.26448227 -0.1217605   0.58297564
  0.27919716  0.42451643 -0.23052629  0.00320625 -0.10061396 -0.0386526
  0.03821943 -0.02048604  0.06062715 -0.07446814  0.26152214 -0.19367427
  0.05429819 -0.01455241 -0.00271832 -0.04681784 -0.01737016  0.01218806]
Intercept: [0.70371358]

Round 4:
Coefficients:
[ 0.36465346  0.16242773  0.18715792 -0.21857943 -0.08355839  0.21060784
 -0.3234592   0.01655231  0.04165394 -0.45193524 -0.12263155 -0.03809634
  0.55058338 -0.06579452  0.06242889  0.12143964 -0.06303516  0.19007099
 -0.05867235 -0.0357557   0.07460553  0.08006241 -0.17776664  0.11433624
  0.11247334  0.18220824  0.06549097 -0.01909031 -0.0951553   0.01447281
  0.16994311 -0.07647146  0.09380183 -0.06106717 -0.0260798  -0.16261827
  0.12800301  0.05113686 -0.04067695 -0.10532217  0.05871588 -0.00962375
 -0.14091841  0.00152356  0.10814089  0.02356718  0.02261297  0.01574104
  0.14252431 -0.03134983  0.13857443 -0.25822374 -0.15213911  0.58410624
  0.26473612  0.42269204 -0.22001158  0.04353756 -0.01744538  0.02469662
  0.04681099 -0.00740517  0.04827456 -0.07348953  0.2215935  -0.19670913
  0.06080418 -0.00607584 -0.00243731 -0.0463554  -0.00817269  0.00448133]
Intercept: [0.68742815]

Round 5:
Coefficients:
[ 0.34713528  0.16941792  0.1574194  -0.21225095 -0.12673464  0.2069278
 -0.28846856  0.01546718  0.05987411 -0.47569939 -0.11096521 -0.029869
  0.54384805 -0.03613072  0.0450557   0.10450888 -0.03089421  0.20571513
 -0.08924238 -0.05001762  0.07800572  0.06794227 -0.16878278  0.14947464
  0.08661905  0.25182885  0.06724547 -0.01977375 -0.08548896  0.0179809
  0.20685217 -0.17190055  0.08218697  0.01168648 -0.04402635 -0.15967738
  0.12394687  0.03670545 -0.00682477 -0.10056564  0.05614056  0.01861129
 -0.16928922 -0.01537119  0.10376805  0.05886326  0.00850755  0.02634133
  0.16011621 -0.02545924  0.12757991 -0.2865657  -0.11155861  0.58277179
  0.27824426  0.40197598 -0.19540756  0.085829   -0.08984339  0.07206835
  0.06087388 -0.01399055  0.07075556 -0.05561151  0.24247016 -0.13368685
  0.03675848 -0.00376757 -0.00729877 -0.05894617 -0.01596918  0.00637537]
Intercept: [0.68022024]

-----> Final Model
Mean Coefficients:
[ 0.35338165  0.16423344  0.1703372  -0.21358357 -0.10742494  0.20494413
 -0.30847092  0.00614457  0.03841041 -0.46547978 -0.11263968 -0.01975416
  0.55783376 -0.05392263  0.05366035  0.11266703 -0.04053494  0.20707952
 -0.08807871 -0.03716334  0.08207098  0.06102299 -0.17588787  0.11900821
  0.11613651  0.23087944  0.07407262 -0.02185312 -0.08348001  0.01612078
  0.19372307 -0.14380643  0.10275127 -0.01182864 -0.0561965  -0.1529883
  0.13011468  0.05098504 -0.01992209 -0.10870811  0.06764943  0.00112093
 -0.15446035 -0.00479071  0.11282595  0.04070072  0.02537222  0.01843032
  0.14804536 -0.03051645  0.12722747 -0.26859678 -0.13029357  0.58290277
  0.27630648  0.42131712 -0.21388212  0.03460595 -0.07103871 -0.00410566
  0.03686998 -0.01469381  0.06071113 -0.06227835  0.23765291 -0.16307537
  0.04761514 -0.00925975 -0.00826488 -0.05099165 -0.01049286  0.01122579]
Mean Intercept: 0.6976235927801844

******Task end at 2024-03-06 16:58:49******

******Task start at 2024-03-06 17:00:34******
Current model parameters: 
{'C': 1.0, 'class_weight': None, 'dual': False, 'fit_intercept': True, 'intercept_scaling': 1, 'l1_ratio': None, 'max_iter': 1000, 'multi_class': 'auto', 'n_jobs': None, 'penalty': 'l2', 'random_state': None, 'solver': 'liblinear', 'tol': 0.0001, 'verbose': 0, 'warm_start': False}

KFold: 5  Random State: 267

Round 1:
Coefficients:
[ 0.35370967  0.14214934  0.1458466  -0.18322015 -0.11511365  0.195916
 -0.30842614  0.00021483  0.0173672  -0.43246029 -0.11214516 -0.00844294
  0.54922711 -0.05251137  0.04190772  0.12467501 -0.03297624  0.23971257
 -0.1098781  -0.0281843   0.08122306  0.04451204 -0.16939346  0.09729338
  0.10218589  0.25682271  0.01545859 -0.02102595 -0.08219917 -0.05190156
  0.2256465  -0.16914252  0.12051467  0.03966221 -0.05085205 -0.15862501
  0.12245282  0.05230816 -0.01235102 -0.10911338  0.08245337 -0.00980588
 -0.13389793  0.0166424   0.09081811  0.05359344  0.00937758  0.01018974
  0.15582036 -0.03667164  0.14150261 -0.27870775 -0.13337487  0.58726765
  0.28129764  0.4322006  -0.24108768  0.01577351 -0.05308656 -0.08506087
  0.01186148 -0.00870957  0.07421942 -0.06029897  0.25320411 -0.14802213
  0.03691769 -0.03922917 -0.02338941 -0.05668367  0.00261197 -0.00036037]
Intercept: [0.71349823]

Round 2:
Coefficients:
[ 0.34525306  0.15026948  0.17853992 -0.19834126 -0.10633218  0.18863018
 -0.30528664 -0.01193541  0.04620557 -0.48830079 -0.09627012 -0.02446154
  0.5858284  -0.06582923  0.04049913  0.12648586 -0.04891162  0.16787229
 -0.04673078 -0.04640471  0.08123375  0.05589186 -0.18504484  0.1053757
  0.14831305  0.29528755  0.0883355  -0.02910322 -0.08021406  0.03863898
  0.21231821 -0.19946463  0.06742776 -0.03012721 -0.02371989 -0.13794887
  0.1133799   0.06628591 -0.03980734 -0.09627944  0.05234256 -0.00655427
 -0.15149712 -0.00423315  0.13062544  0.05861641  0.01494834  0.02348421
  0.14009428 -0.03927582  0.1266195  -0.27652498 -0.12830169  0.57482278
  0.25805     0.41492282 -0.19609409  0.05497678 -0.0677644   0.00982252
  0.07910832 -0.0115121   0.07063229 -0.0533645   0.23720614 -0.14067831
  0.04197551  0.00040694 -0.00086301 -0.05576791 -0.01126343  0.00218523]
Intercept: [0.67297282]

Round 3:
Coefficients:
[ 0.35145843  0.20331954  0.17955825 -0.24598293 -0.13003898  0.19857488
 -0.27152385  0.01785868  0.04425162 -0.44062012 -0.12233944 -0.02751795
  0.51814405 -0.05300597  0.05764068  0.11066458 -0.05453141  0.19578006
 -0.0821933  -0.0300714   0.07872527  0.06133587 -0.17274119  0.13116289
  0.11100319  0.22126759  0.05888738 -0.01653796 -0.08576777  0.00042775
  0.17901508 -0.1127464   0.09318338 -0.02341594 -0.01487723 -0.16974382
  0.14379185  0.03222875 -0.01814102 -0.10802245  0.06268877  0.01335217
 -0.16037713 -0.01399403  0.12054073 -0.00826643  0.06802394  0.02601507
  0.14820841 -0.03121813  0.13449785 -0.27206972 -0.14258801  0.57505276
  0.28381165  0.4252316  -0.21882047  0.03652091 -0.11823085 -0.02776943
  0.01451011 -0.01546627  0.06439515 -0.07238635  0.23710822 -0.16916505
  0.05392044 -0.01008847 -0.00018908 -0.0624248  -0.01310771  0.00337179]
Intercept: [0.70904325]

Round 4:
Coefficients:
[ 0.35522992  0.17209993  0.17343452 -0.23248424 -0.09435902  0.20614625
 -0.31565643  0.02134741  0.04711701 -0.47549712 -0.12687534 -0.02030729
  0.55885021 -0.05099154  0.05164425  0.10560893 -0.03956723  0.22305986
 -0.10764775 -0.03049229  0.08448801  0.06064884 -0.17271539  0.14262839
  0.10750361  0.19444774  0.09727341 -0.02974889 -0.08742905  0.05988756
  0.18433527 -0.09825349  0.14606977 -0.04757714 -0.13133115 -0.14520325
  0.12368731  0.05701995 -0.01299046 -0.1057568   0.0736899  -0.00250858
 -0.14502274 -0.02415288  0.11690663  0.02843221  0.02931847  0.01783142
  0.14430291 -0.02708798  0.12926004 -0.26737249 -0.12641966  0.59470089
  0.28478989  0.41174771 -0.18523487  0.02267653 -0.05704928  0.01933533
  0.03986761 -0.02318781  0.06109648 -0.04029437  0.23466249 -0.15674099
  0.03981121 -0.00339791 -0.00173115 -0.04851903 -0.01212392  0.02360408]
Intercept: [0.6965376]

Round 5:
Coefficients:
[ 0.36022647  0.15117392  0.17308887 -0.20462654 -0.09264695  0.23590225
 -0.33930332  0.00210964  0.03476727 -0.48667913 -0.10549343 -0.01712538
  0.57318333 -0.04681955  0.07711434  0.0955065  -0.02674782  0.20853628
 -0.09348357 -0.05183749  0.08281256  0.08482206 -0.17784569  0.12695404
  0.10435628  0.18215525  0.1099224  -0.01311909 -0.08105597  0.03236949
  0.1637707  -0.13642288  0.08512812  0.00531792 -0.0596136  -0.15442685
  0.14999067  0.04675554 -0.01748627 -0.12130166  0.06384868  0.01252707
 -0.18216628  0.00214477  0.10456304  0.06910561  0.01035548  0.01282732
  0.15175559 -0.01911194  0.10591156 -0.24777669 -0.12253592  0.58362275
  0.27314624  0.42326971 -0.22553568  0.04076683 -0.06002874  0.05314126
  0.03969216 -0.01344143  0.02988672 -0.08743469  0.22626753 -0.20472272
  0.06821688 -0.0093896  -0.01548419 -0.03343024 -0.01728911  0.02739917]
Intercept: [0.69641595]

-----> Final Model
Mean Coefficients:
[ 0.35317551  0.16380244  0.17009363 -0.21293102 -0.10769816  0.20503391
 -0.30803927  0.00591903  0.03794173 -0.46471149 -0.1126247  -0.01957102
  0.55704662 -0.05383153  0.05376122  0.11258818 -0.04054686  0.20699221
 -0.0879867  -0.03739804  0.08169653  0.06144213 -0.17554812  0.12068288
  0.1146724   0.22999617  0.07397546 -0.02190702 -0.08333321  0.01588445
  0.19301715 -0.14320598  0.10246474 -0.01122803 -0.05607879 -0.15318956
  0.13066051  0.05091966 -0.02015522 -0.10809475  0.06700466  0.0014021
 -0.15459224 -0.00471858  0.11269079  0.04029625  0.02640476  0.01806955
  0.14803631 -0.0306731   0.12755831 -0.26849032 -0.13064403  0.58309337
  0.27621908  0.42147449 -0.21335456  0.03414291 -0.07123197 -0.00610624
  0.03700793 -0.01446343  0.06004601 -0.06275578  0.2376897  -0.16386584
  0.04816835 -0.01233964 -0.00833137 -0.05136513 -0.01023444  0.01123998]
Mean Intercept: 0.6976935708897768

******Task end at 2024-03-06 17:00:38******

