******Task start at 2024-03-06 19:45:20******
Current model parameters: 
{'bootstrap': True, 'ccp_alpha': 0.0, 'class_weight': None, 'criterion': 'gini', 'max_depth': 7, 'max_features': 'sqrt', 'max_leaf_nodes': None, 'max_samples': None, 'min_impurity_decrease': 0.0, 'min_samples_leaf': 1, 'min_samples_split': 2, 'min_weight_fraction_leaf': 0.0, 'n_estimators': 100, 'n_jobs': -1, 'oob_score': False, 'random_state': 481, 'verbose': 0, 'warm_start': False}

Dataset split parameters: {"test_size"=0.2, "shuffle"=True, "random_state"=124}
******Task end at 2024-03-06 19:48:44******

******Task start at 2024-03-06 19:49:59******
Current model parameters: 
{'bootstrap': True, 'ccp_alpha': 0.0, 'class_weight': None, 'criterion': 'gini', 'max_depth': 6, 'max_features': 'sqrt', 'max_leaf_nodes': None, 'max_samples': None, 'min_impurity_decrease': 0.0, 'min_samples_leaf': 1, 'min_samples_split': 2, 'min_weight_fraction_leaf': 0.0, 'n_estimators': 100, 'n_jobs': -1, 'oob_score': False, 'random_state': 15, 'verbose': 0, 'warm_start': False}

Dataset split parameters: {"test_size"=0.2, "shuffle"=True, "random_state"=486}
******Task end at 2024-03-06 19:51:50******

******Task start at 2024-03-06 19:52:53******
Current model parameters: 
{'bootstrap': True, 'ccp_alpha': 0.0, 'class_weight': None, 'criterion': 'gini', 'max_depth': 5, 'max_features': 'sqrt', 'max_leaf_nodes': None, 'max_samples': None, 'min_impurity_decrease': 0.0, 'min_samples_leaf': 1, 'min_samples_split': 2, 'min_weight_fraction_leaf': 0.0, 'n_estimators': 100, 'n_jobs': -1, 'oob_score': False, 'random_state': 293, 'verbose': 0, 'warm_start': False}

Dataset split parameters: {"test_size"=0.2, "shuffle"=True, "random_state"=801}
******Task end at 2024-03-06 19:53:56******

******Task start at 2024-03-06 21:24:10******
Current model parameters: 
{'bootstrap': True, 'ccp_alpha': 0.0, 'class_weight': None, 'criterion': 'gini', 'max_depth': 7, 'max_features': 'sqrt', 'max_leaf_nodes': None, 'max_samples': None, 'min_impurity_decrease': 0.0, 'min_samples_leaf': 1, 'min_samples_split': 2, 'min_weight_fraction_leaf': 0.0, 'n_estimators': 200, 'n_jobs': -1, 'oob_score': False, 'random_state': 67, 'verbose': 0, 'warm_start': False}

Dataset split parameters: {"test_size"=0.2, "shuffle"=True, "random_state"=584}
******Task end at 2024-03-06 21:30:54******

******Task start at 2024-03-06 21:38:58******
Current model parameters: 
{'bootstrap': True, 'ccp_alpha': 0.0, 'class_weight': None, 'criterion': 'gini', 'max_depth': 6, 'max_features': 'sqrt', 'max_leaf_nodes': None, 'max_samples': None, 'min_impurity_decrease': 0.0, 'min_samples_leaf': 1, 'min_samples_split': 2, 'min_weight_fraction_leaf': 0.0, 'n_estimators': 200, 'n_jobs': -1, 'oob_score': False, 'random_state': 614, 'verbose': 0, 'warm_start': False}

Dataset split parameters: {"test_size"=0.2, "shuffle"=True, "random_state"=18}
******Task start at 2024-03-06 21:40:07******
Current model parameters: 
{'bootstrap': True, 'ccp_alpha': 0.0, 'class_weight': None, 'criterion': 'gini', 'max_depth': 6, 'max_features': 'sqrt', 'max_leaf_nodes': None, 'max_samples': None, 'min_impurity_decrease': 0.0, 'min_samples_leaf': 1, 'min_samples_split': 2, 'min_weight_fraction_leaf': 0.0, 'n_estimators': 200, 'n_jobs': -1, 'oob_score': False, 'random_state': 292, 'verbose': 0, 'warm_start': False}

Dataset split parameters: {"test_size"=0.2, "shuffle"=True, "random_state"=798}
******Task end at 2024-03-06 21:43:38******

